-------------------------------------------------------------------------------
Test set: pl.haladyj.libraryStudentProject.LibraryStudentProjectApplicationTests
-------------------------------------------------------------------------------
Tests run: 1, Failures: 0, Errors: 1, Skipped: 0, Time elapsed: 3.393 s <<< FAILURE! - in pl.haladyj.libraryStudentProject.LibraryStudentProjectApplicationTests
contextLoads(pl.haladyj.libraryStudentProject.LibraryStudentProjectApplicationTests)  Time elapsed: 0 s  <<< ERROR!
java.lang.IllegalStateException: Failed to load ApplicationContext
Caused by: org.springframework.beans.factory.BeanCreationException: Error creating bean with name 'entityManagerFactory' defined in class path resource [org/springframework/boot/autoconfigure/orm/jpa/HibernateJpaConfiguration.class]: Invocation of init method failed; nested exception is org.hibernate.AnnotationException: No identifier specified for entity: pl.haladyj.libraryStudentProject.reader.Reader
Caused by: org.hibernate.AnnotationException: No identifier specified for entity: pl.haladyj.libraryStudentProject.reader.Reader

