-------------------------------------------------------------------------------
Test set: pl.haladyj.libraryStudentProject.LibraryStudentProjectApplicationTests
-------------------------------------------------------------------------------
Tests run: 1, Failures: 0, Errors: 1, Skipped: 0, Time elapsed: 4.437 s <<< FAILURE! - in pl.haladyj.libraryStudentProject.LibraryStudentProjectApplicationTests
contextLoads(pl.haladyj.libraryStudentProject.LibraryStudentProjectApplicationTests)  Time elapsed: 0.015 s  <<< ERROR!
java.lang.IllegalStateException: Failed to load ApplicationContext
Caused by: org.springframework.beans.factory.BeanCreationException: Error creating bean with name 'entityManagerFactory' defined in class path resource [org/springframework/boot/autoconfigure/orm/jpa/HibernateJpaConfiguration.class]: Invocation of init method failed; nested exception is javax.persistence.PersistenceException: [PersistenceUnit: default] Unable to build Hibernate SessionFactory; nested exception is org.hibernate.tool.schema.spi.SchemaManagementException: Schema-validation: missing table [author]
Caused by: javax.persistence.PersistenceException: [PersistenceUnit: default] Unable to build Hibernate SessionFactory; nested exception is org.hibernate.tool.schema.spi.SchemaManagementException: Schema-validation: missing table [author]
Caused by: org.hibernate.tool.schema.spi.SchemaManagementException: Schema-validation: missing table [author]

